<?xml version="1.0" encoding="UTF-8"?>
<!-- Generated by org.testng.reporters.JUnitXMLReporter -->
<testsuite hostname="Baburao-PC" name="Default test(failed)" tests="1" failures="1" timestamp="16 Jan 2018 08:45:09 GMT" time="0.036" errors="0">
  <testcase name="WordPress" time="0.015" classname="FailedTestNGClasses.TestCase3">
    <failure type="java.lang.AssertionError" message="expected [true] but found [false]">
      <![CDATA[java.lang.AssertionError: expected [true] but found [false]
	at FailedTestNGClasses.TestCase3.WordPress(TestCase3.java:12)
	at Runner.TestRunner.main(TestRunner.java:16)
... Removed 25 stack frames]]>
    </failure>
  </testcase> <!-- WordPress -->
</testsuite> <!-- Default test(failed) -->
