<?xml version="1.0" encoding="UTF-8"?>
<!-- Generated by org.testng.reporters.JUnitXMLReporter -->
<testsuite hostname="Baburao-PC" ignored="0" name="Test" tests="5" failures="2" timestamp="11 Oct 2017 13:12:22 GMT" time="17.203" errors="0">
  <testcase name="methodOneFromClassOne" time="0.002" classname="TestNG.BeforeAfter"/>
  <testcase name="methodOneFromClassTwo" time="0.0" classname="TestNG.BeforeAfter"/>
  <testcase name="methodTwoFromClassOne" time="0.0" classname="TestNG.BeforeAfter"/>
  <testcase name="Book" time="16.237" classname="TestNG.FaceBok">
    <failure type="org.openqa.selenium.InvalidSelectorException" message="Given xpath expression &amp;quot;//input[@type=&amp;apos;submit&amp;apos;]&amp;apos;]&amp;quot; is invalid: SyntaxError: The expression is not a legal expression. (WARNING: The server did not provide any stacktrace information)
Command duration or timeout: 10 milliseconds
For documentation on this error, please visit: http://seleniumhq.org/exceptions/invalid_selector_exception.html
Build info: version: &amp;apos;2.53.1&amp;apos;, revision: &amp;apos;a36b8b1&amp;apos;, time: &amp;apos;2016-06-30 17:37:03&amp;apos;
System info: host: &amp;apos;WIN-R1JBAO1CNPS&amp;apos;, ip: &amp;apos;172.20.37.201&amp;apos;, os.name: &amp;apos;Windows Server 2008 R2&amp;apos;, os.arch: &amp;apos;x86&amp;apos;, os.version: &amp;apos;6.1&amp;apos;, java.version: &amp;apos;1.8.0_91&amp;apos;
Driver info: org.openqa.selenium.firefox.MarionetteDriver
Capabilities [{rotatable=false, raisesAccessibilityExceptions=false, marionette=true, webdriver.remote.quietExceptions=true, appBuildId=20160916101415, version=49.0, platform=XP, proxy={}, command_id=1, specificationLevel=0, acceptSslCerts=false, processId=1656, browserVersion=49.0, platformVersion=6.1, XULappId={XXXXXXXX-XXXX-XXXX-XXXX-XXXXa9e97384}, browserName=firefox, takesScreenshot=true, takesElementScreenshot=true, platformName=windows_nt, device=desktop, firefox_profile=UEsDBBQAAAAIAIBpS0uIUd2BCAcAA...}]
Session ID: XXXXXXXX-XXXX-XXXX-XXXX-XXXX2209bb05
*** Element info: {Using=xpath, value=//input[@type=&amp;apos;submit&amp;apos;]&amp;apos;]}
Command duration or timeout: 0 milliseconds">
      <![CDATA[org.openqa.selenium.InvalidSelectorException: Given xpath expression "//input[@type='submit']']" is invalid: SyntaxError: The expression is not a legal expression. (WARNING: The server did not provide any stacktrace information)
Command duration or timeout: 10 milliseconds
For documentation on this error, please visit: http://seleniumhq.org/exceptions/invalid_selector_exception.html
Build info: version: '2.53.1', revision: 'a36b8b1', time: '2016-06-30 17:37:03'
System info: host: 'WIN-R1JBAO1CNPS', ip: '172.20.37.201', os.name: 'Windows Server 2008 R2', os.arch: 'x86', os.version: '6.1', java.version: '1.8.0_91'
Driver info: org.openqa.selenium.firefox.MarionetteDriver
Capabilities [{rotatable=false, raisesAccessibilityExceptions=false, marionette=true, webdriver.remote.quietExceptions=true, appBuildId=20160916101415, version=49.0, platform=XP, proxy={}, command_id=1, specificationLevel=0, acceptSslCerts=false, processId=1656, browserVersion=49.0, platformVersion=6.1, XULappId={XXXXXXXX-XXXX-XXXX-XXXX-XXXXa9e97384}, browserName=firefox, takesScreenshot=true, takesElementScreenshot=true, platformName=windows_nt, device=desktop, firefox_profile=UEsDBBQAAAAIAIBpS0uIUd2BCAcAA...}]
Session ID: XXXXXXXX-XXXX-XXXX-XXXX-XXXX2209bb05
*** Element info: {Using=xpath, value=//input[@type='submit']']}
Command duration or timeout: 0 milliseconds
	at org.openqa.selenium.remote.ErrorHandler.createThrowable(ErrorHandler.java:214)
	at org.openqa.selenium.remote.ErrorHandler.throwIfResponseFailed(ErrorHandler.java:166)
	at org.openqa.selenium.remote.http.JsonHttpResponseCodec.reconstructValue(JsonHttpResponseCodec.java:40)
	at org.openqa.selenium.remote.http.AbstractHttpResponseCodec.decode(AbstractHttpResponseCodec.java:82)
	at org.openqa.selenium.remote.http.AbstractHttpResponseCodec.decode(AbstractHttpResponseCodec.java:45)
	at org.openqa.selenium.remote.HttpCommandExecutor.execute(HttpCommandExecutor.java:164)
	at org.openqa.selenium.remote.RemoteWebDriver.execute(RemoteWebDriver.java:586)
	at org.openqa.selenium.remote.RemoteWebDriver.findElement(RemoteWebDriver.java:356)
	at org.openqa.selenium.remote.RemoteWebDriver.findElementByXPath(RemoteWebDriver.java:458)
	at org.openqa.selenium.By$ByXPath.findElement(By.java:361)
	at org.openqa.selenium.remote.RemoteWebDriver.findElement(RemoteWebDriver.java:348)
	at CommomPoM.FaceBookPoM.Login(FaceBookPoM.java:29)
	at TestNG.FaceBok.Book(FaceBok.java:28)
	at java.util.concurrent.FutureTask.run(FutureTask.java:266)
	at java.util.concurrent.Executors$RunnableAdapter.call(Executors.java:511)
	at java.util.concurrent.FutureTask.run(FutureTask.java:266)
	at java.util.concurrent.ThreadPoolExecutor.runWorker(ThreadPoolExecutor.java:1149)
	at java.util.concurrent.ThreadPoolExecutor$Worker.run(ThreadPoolExecutor.java:624)
	at java.lang.Thread.run(Thread.java:748)
Caused by: org.openqa.selenium.InvalidSelectorException: Given xpath expression "//input[@type='submit']']" is invalid: SyntaxError: The expression is not a legal expression. (WARNING: The server did not provide any stacktrace information)
Command duration or timeout: 10 milliseconds
For documentation on this error, please visit: http://seleniumhq.org/exceptions/invalid_selector_exception.html
Build info: version: '2.53.1', revision: 'a36b8b1', time: '2016-06-30 17:37:03'
System info: host: 'WIN-R1JBAO1CNPS', ip: '172.20.37.201', os.name: 'Windows Server 2008 R2', os.arch: 'x86', os.version: '6.1', java.version: '1.8.0_91'
Driver info: org.openqa.selenium.firefox.MarionetteDriver
Capabilities [{rotatable=false, raisesAccessibilityExceptions=false, marionette=true, webdriver.remote.quietExceptions=true, appBuildId=20160916101415, version=49.0, platform=XP, proxy={}, command_id=1, specificationLevel=0, acceptSslCerts=false, processId=1656, browserVersion=49.0, platformVersion=6.1, XULappId={XXXXXXXX-XXXX-XXXX-XXXX-XXXXa9e97384}, browserName=firefox, takesScreenshot=true, takesElementScreenshot=true, platformName=windows_nt, device=desktop, firefox_profile=UEsDBBQAAAAIAIBpS0uIUd2BCAcAA...}]
Session ID: XXXXXXXX-XXXX-XXXX-XXXX-XXXX2209bb05
*** Element info: {Using=xpath, value=//input[@type='submit']']}
For documentation on this error, please visit: http://seleniumhq.org/exceptions/invalid_selector_exception.html
Build info: version: '3.6.0', revision: '6fbf3ec767', time: '2017-09-27T15:28:36.4Z'
System info: host: 'BABURAO-PC', ip: '192.168.1.15', os.name: 'Windows 7', os.arch: 'amd64', os.version: '6.1', java.version: '1.8.0_144'
Driver info: driver.version: EventFiringWebDriver
	at org.openqa.selenium.remote.ErrorHandler.createThrowable(ErrorHandler.java:206)
	at org.openqa.selenium.remote.ErrorHandler.throwIfResponseFailed(ErrorHandler.java:158)
	at org.openqa.selenium.remote.RemoteWebDriver.execute(RemoteWebDriver.java:678)
	at org.openqa.selenium.remote.RemoteWebDriver.findElement(RemoteWebDriver.java:363)
	at org.openqa.selenium.remote.RemoteWebDriver.findElementByXPath(RemoteWebDriver.java:500)
	at org.openqa.selenium.By$ByXPath.findElement(By.java:361)
	at org.openqa.selenium.remote.RemoteWebDriver.findElement(RemoteWebDriver.java:355)
	at org.openqa.selenium.support.events.EventFiringWebDriver$2.invoke(EventFiringWebDriver.java:103)
	at com.sun.proxy.$Proxy1.findElement(Unknown Source)
	at org.openqa.selenium.support.events.EventFiringWebDriver.findElement(EventFiringWebDriver.java:188)
	at org.openqa.selenium.remote.server.handler.FindElement.call(FindElement.java:48)
	at org.openqa.selenium.remote.server.handler.FindElement.call(FindElement.java:1)
	at java.util.concurrent.FutureTask.run(Unknown Source)
	at org.openqa.selenium.remote.server.DefaultSession$1.run(DefaultSession.java:176)
	at java.util.concurrent.ThreadPoolExecutor.runWorker(Unknown Source)
	at java.util.concurrent.ThreadPoolExecutor$Worker.run(Unknown Source)
	at java.lang.Thread.run(Unknown Source)
... Removed 21 stack frames]]>
    </failure>
  </testcase> <!-- Book -->
  <testcase name="Links" time="0.0" classname="TestNG.AllLink">
    <failure type="org.testng.TestNGException" message="
Method public void TestNG.AllLink.Links(java.lang.String,java.lang.String,java.lang.String,java.lang.reflect.Method) throws java.rmi.UnexpectedException,java.net.MalformedURLException requires a @DataProvider named : hardCodeBrowser">
      <![CDATA[org.testng.TestNGException: 
	at java.util.concurrent.FutureTask.run(FutureTask.java:266)
	at java.util.concurrent.ThreadPoolExecutor.runWorker(ThreadPoolExecutor.java:1149)
	at java.util.concurrent.ThreadPoolExecutor$Worker.run(ThreadPoolExecutor.java:624)
	at java.lang.Thread.run(Thread.java:748)
... Removed 14 stack frames]]>
    </failure>
  </testcase> <!-- Links -->
</testsuite> <!-- Test -->
